<?xml version="1.0" encoding="UTF-8"?>
<!-- Generated by org.testng.reporters.JUnitXMLReporter -->
<testsuite hostname="DESKTOP-NSK5A5A" ignored="0" name="Amazon Tests" tests="1" failures="0" timestamp="2021-03-14T00:05:55 IST" time="0.849" errors="0">
  <testcase name="@BeforeMethod BeforeMethod" time="0.069" classname="test.java.BasePage.BasePageSetup">
    <failure type="java.lang.NoClassDefFoundError" message="org/openqa/selenium/internal/Require">
      <![CDATA[java.lang.NoClassDefFoundError: org/openqa/selenium/internal/Require
at org.openqa.selenium.remote.service.DriverService.findExecutable(DriverService.java:142)
at org.openqa.selenium.chrome.ChromeDriverService.access$000(ChromeDriverService.java:37)
at org.openqa.selenium.chrome.ChromeDriverService$Builder.findDefaultExecutable(ChromeDriverService.java:222)
at org.openqa.selenium.remote.service.DriverService$Builder.build(DriverService.java:405)
at org.openqa.selenium.chrome.ChromeDriverService.createDefaultService(ChromeDriverService.java:119)
at org.openqa.selenium.chrome.ChromeDriver.<init>(ChromeDriver.java:105)
at test.java.BasePage.BasePageSetup.SetUpBasePage(BasePageSetup.java:89)
at test.java.BasePage.BasePageSetup.BeforeMethod(BasePageSetup.java:47)
at java.util.ArrayList.forEach(ArrayList.java:1257)
Caused by: java.lang.ClassNotFoundException: org.openqa.selenium.internal.Require
at java.net.URLClassLoader.findClass(URLClassLoader.java:382)
at java.lang.ClassLoader.loadClass(ClassLoader.java:418)
at sun.misc.Launcher$AppClassLoader.loadClass(Launcher.java:355)
at java.lang.ClassLoader.loadClass(ClassLoader.java:351)
... 44 more
... Removed 35 stack frames]]>
    </failure>
  </testcase> <!-- @BeforeMethod BeforeMethod -->
  <testcase name="@AfterMethod AfterMethod" time="-1.615660554677E9" classname="test.java.BasePage.BasePageSetup">
    <skipped/>
  </testcase> <!-- @AfterMethod AfterMethod -->
  <testcase name="AmazonUserLogin" time="0.0" classname="test.java.BasePage.AmazonExistingUserLogin">
    <skipped/>
  </testcase> <!-- AmazonUserLogin -->
</testsuite> <!-- Amazon Tests -->
